2021-01-09 16:07:56,053 INFO o.a.j.u.JMeterUtils: Setting Locale to en_EN
2021-01-09 16:07:56,299 INFO o.a.j.JMeter: Loading user properties from: /opt/jmeter/bin/user.properties
2021-01-09 16:07:56,317 INFO o.a.j.JMeter: Loading system properties from: /opt/jmeter/bin/system.properties
2021-01-09 16:07:56,319 INFO o.a.j.JMeter: Copyright (c) 1998-2019 The Apache Software Foundation
2021-01-09 16:07:56,319 INFO o.a.j.JMeter: Version 5.2.1
2021-01-09 16:07:56,320 INFO o.a.j.JMeter: java.version=11.0.9.1
2021-01-09 16:07:56,320 INFO o.a.j.JMeter: java.vm.name=OpenJDK 64-Bit Server VM
2021-01-09 16:07:56,320 INFO o.a.j.JMeter: os.name=Linux
2021-01-09 16:07:56,320 INFO o.a.j.JMeter: os.arch=amd64
2021-01-09 16:07:56,320 INFO o.a.j.JMeter: os.version=4.15.0-130-generic
2021-01-09 16:07:56,320 INFO o.a.j.JMeter: file.encoding=UTF-8
2021-01-09 16:07:56,320 INFO o.a.j.JMeter: java.awt.headless=null
2021-01-09 16:07:56,321 INFO o.a.j.JMeter: Max memory     =1073741824
2021-01-09 16:07:56,321 INFO o.a.j.JMeter: Available Processors =8
2021-01-09 16:07:56,438 INFO o.a.j.JMeter: Default Locale=English (EN)
2021-01-09 16:07:56,439 INFO o.a.j.JMeter: JMeter  Locale=English (EN)
2021-01-09 16:07:56,439 INFO o.a.j.JMeter: JMeterHome=/opt/jmeter
2021-01-09 16:07:56,439 INFO o.a.j.JMeter: user.dir  =/home/pedro/OneDrive/1Mes/1Sem/ASof/softarch2020-05/frontend
2021-01-09 16:07:56,439 INFO o.a.j.JMeter: PWD       =/home/pedro/OneDrive/1Mes/1Sem/ASof/softarch2020-05/frontend
2021-01-09 16:07:56,439 INFO o.a.j.JMeter: IP: 127.0.1.1 Name: pedro-X550JK FullName: pedro-X550JK
2021-01-09 16:08:04,018 INFO o.a.j.g.a.LookAndFeelCommand: Installing Darcula LAF
2021-01-09 16:08:04,180 INFO o.a.j.g.a.LookAndFeelCommand: Using look and feel: com.bulenkov.darcula.DarculaLaf [Darcula]
2021-01-09 16:08:04,181 INFO o.a.j.JMeter: Setting LAF to: com.bulenkov.darcula.DarculaLaf
2021-01-09 16:08:04,475 INFO o.a.j.JMeter: Loaded icon properties from org/apache/jmeter/images/icon.properties
2021-01-09 16:08:05,715 WARN o.j.r.PluginManagerMenuCreator: Was unable to install pmgr cmdline tool
java.nio.file.AccessDeniedException: /opt/jmeter/bin/PluginsManagerCMD.bat
	at sun.nio.fs.UnixException.translateToIOException(UnixException.java:90) ~[?:?]
	at sun.nio.fs.UnixException.rethrowAsIOException(UnixException.java:111) ~[?:?]
	at sun.nio.fs.UnixException.rethrowAsIOException(UnixException.java:116) ~[?:?]
	at sun.nio.fs.UnixFileSystemProvider.newByteChannel(UnixFileSystemProvider.java:219) ~[?:?]
	at java.nio.file.spi.FileSystemProvider.newOutputStream(FileSystemProvider.java:478) ~[?:?]
	at java.nio.file.Files.newOutputStream(Files.java:219) ~[?:?]
	at java.nio.file.Files.copy(Files.java:3066) ~[?:?]
	at org.jmeterplugins.repository.PluginManagerCMDInstaller.writeOut(PluginManagerCMDInstaller.java:24) ~[jmeter-plugins-manager-1.6.jar:?]
	at org.jmeterplugins.repository.PluginManagerCMDInstaller.main(PluginManagerCMDInstaller.java:12) ~[jmeter-plugins-manager-1.6.jar:?]
	at org.jmeterplugins.repository.PluginManagerMenuCreator.getMenuItemsAtLocation(PluginManagerMenuCreator.java:16) [jmeter-plugins-manager-1.6.jar:?]
	at org.apache.jmeter.gui.util.JMeterMenuBar.addPluginsMenuItems(JMeterMenuBar.java:558) [ApacheJMeter_core.jar:5.2.1]
	at org.apache.jmeter.gui.util.JMeterMenuBar.makeOptionsMenu(JMeterMenuBar.java:325) [ApacheJMeter_core.jar:5.2.1]
	at org.apache.jmeter.gui.util.JMeterMenuBar.createMenuBar(JMeterMenuBar.java:198) [ApacheJMeter_core.jar:5.2.1]
	at org.apache.jmeter.gui.util.JMeterMenuBar.<init>(JMeterMenuBar.java:113) [ApacheJMeter_core.jar:5.2.1]
	at org.apache.jmeter.gui.MainFrame.init(MainFrame.java:513) [ApacheJMeter_core.jar:5.2.1]
	at org.apache.jmeter.gui.MainFrame.<init>(MainFrame.java:232) [ApacheJMeter_core.jar:5.2.1]
	at org.apache.jmeter.JMeter.startGui(JMeter.java:398) [ApacheJMeter_core.jar:5.2.1]
	at org.apache.jmeter.JMeter.start(JMeter.java:545) [ApacheJMeter_core.jar:5.2.1]
	at jdk.internal.reflect.NativeMethodAccessorImpl.invoke0(Native Method) ~[?:?]
	at jdk.internal.reflect.NativeMethodAccessorImpl.invoke(NativeMethodAccessorImpl.java:62) ~[?:?]
	at jdk.internal.reflect.DelegatingMethodAccessorImpl.invoke(DelegatingMethodAccessorImpl.java:43) ~[?:?]
	at java.lang.reflect.Method.invoke(Method.java:566) ~[?:?]
	at org.apache.jmeter.NewDriver.main(NewDriver.java:253) [ApacheJMeter.jar:5.2.1]
2021-01-09 16:08:05,878 INFO o.j.r.JARSourceHTTP: Requesting https://jmeter-plugins.org/repo/?installID=linux-38c4286072526425473c644a7a71d3eb-gui
2021-01-09 16:08:09,196 INFO o.j.r.PluginManager: Plugins Status: [jpgc-casutg=2.9, jpgc-plugins-manager=1.6, jpgc-tst=2.5, jmeter-core=5.2.1, jmeter-ftp=5.2.1, jmeter-http=5.2.1, jmeter-jdbc=5.2.1, jmeter-jms=5.2.1, jmeter-junit=5.2.1, jmeter-java=5.2.1, jmeter-ldap=5.2.1, jmeter-mail=5.2.1, jmeter-mongodb=5.2.1, jmeter-native=5.2.1, jmeter-tcp=5.2.1, jmeter-components=5.2.1]
2021-01-09 16:08:14,215 INFO o.a.j.p.h.s.HTTPSamplerBase: Parser for text/html is org.apache.jmeter.protocol.http.parser.LagartoBasedHtmlParser
2021-01-09 16:08:14,216 INFO o.a.j.p.h.s.HTTPSamplerBase: Parser for application/xhtml+xml is org.apache.jmeter.protocol.http.parser.LagartoBasedHtmlParser
2021-01-09 16:08:14,216 INFO o.a.j.p.h.s.HTTPSamplerBase: Parser for application/xml is org.apache.jmeter.protocol.http.parser.LagartoBasedHtmlParser
2021-01-09 16:08:14,216 INFO o.a.j.p.h.s.HTTPSamplerBase: Parser for text/xml is org.apache.jmeter.protocol.http.parser.LagartoBasedHtmlParser
2021-01-09 16:08:14,216 INFO o.a.j.p.h.s.HTTPSamplerBase: Parser for text/vnd.wap.wml is org.apache.jmeter.protocol.http.parser.RegexpHTMLParser
2021-01-09 16:08:14,216 INFO o.a.j.p.h.s.HTTPSamplerBase: Parser for text/css is org.apache.jmeter.protocol.http.parser.CssParser
2021-01-09 16:08:14,635 INFO o.a.j.e.KeyToolUtils: keytool found at 'keytool'
2021-01-09 16:08:14,636 INFO o.a.j.p.h.p.ProxyControl: HTTP(S) Test Script Recorder SSL Proxy will use keys that support embedded 3rd party resources in file /opt/jmeter/bin/proxyserver.jks
2021-01-09 16:08:14,813 INFO o.a.j.s.FileServer: Default base='/home/pedro/OneDrive/1Mes/1Sem/ASof/softarch2020-05/frontend'
2021-01-09 16:08:15,581 INFO o.a.j.s.SampleResult: Note: Sample TimeStamps are START times
2021-01-09 16:08:15,581 INFO o.a.j.s.SampleResult: sampleresult.default.encoding is set to ISO-8859-1
2021-01-09 16:08:15,581 INFO o.a.j.s.SampleResult: sampleresult.useNanoTime=true
2021-01-09 16:08:15,581 INFO o.a.j.s.SampleResult: sampleresult.nanoThreadSleep=5000
2021-01-09 16:08:15,600 INFO o.a.j.v.ViewResultsFullVisualizer: Add JavaFX to your Java installation if you want to use renderer: org.apache.jmeter.visualizers.RenderInBrowser
2021-01-09 16:08:40,627 INFO o.a.j.g.a.Load: Loading file: /home/pedro/OneDrive/1Mes/1Sem/ASof/softarch2020-05/backend/jmeter/answer/in-class-quiz-answer-stress-security.jmx
2021-01-09 16:08:40,628 INFO o.a.j.s.FileServer: Set new base='/home/pedro/OneDrive/1Mes/1Sem/ASof/softarch2020-05/backend/jmeter/answer'
2021-01-09 16:08:40,892 INFO o.a.j.s.SaveService: Testplan (JMX) version: 2.2. Testlog (JTL) version: 2.2
2021-01-09 16:08:40,911 INFO o.a.j.s.SaveService: Using SaveService properties version 5.0
2021-01-09 16:08:40,914 INFO o.a.j.s.SaveService: Using SaveService properties file encoding UTF-8
2021-01-09 16:08:40,917 INFO o.a.j.s.SaveService: Loading file: /home/pedro/OneDrive/1Mes/1Sem/ASof/softarch2020-05/backend/jmeter/answer/in-class-quiz-answer-stress-security.jmx
2021-01-09 16:08:41,349 INFO o.a.j.v.ViewResultsFullVisualizer: Add JavaFX to your Java installation if you want to use renderer: org.apache.jmeter.visualizers.RenderInBrowser
2021-01-09 16:08:41,459 INFO o.a.j.v.ViewResultsFullVisualizer: Add JavaFX to your Java installation if you want to use renderer: org.apache.jmeter.visualizers.RenderInBrowser
2021-01-09 16:08:41,522 INFO o.a.j.v.ViewResultsFullVisualizer: Add JavaFX to your Java installation if you want to use renderer: org.apache.jmeter.visualizers.RenderInBrowser
2021-01-09 16:08:41,589 INFO o.a.j.v.ViewResultsFullVisualizer: Add JavaFX to your Java installation if you want to use renderer: org.apache.jmeter.visualizers.RenderInBrowser
2021-01-09 16:08:41,617 INFO o.a.j.s.FileServer: Set new base='/home/pedro/OneDrive/1Mes/1Sem/ASof/softarch2020-05/backend/jmeter/answer'
2021-01-09 16:09:07,598 INFO o.a.j.e.StandardJMeterEngine: Running the test!
2021-01-09 16:09:07,599 INFO o.a.j.s.SampleEvent: List of sample_variables: []
2021-01-09 16:09:07,599 INFO o.a.j.s.SampleEvent: List of sample_variables: []
2021-01-09 16:09:07,605 INFO o.a.j.e.u.CompoundVariable: Note: Function class names must contain the string: '.functions.'
2021-01-09 16:09:07,605 INFO o.a.j.e.u.CompoundVariable: Note: Function class names must not contain the string: '.gui.'
2021-01-09 16:09:08,645 ERROR o.a.j.u.BeanShellInterpreter: Error invoking bsh method: eval	In file: inline evaluation of: ``import org.apache.jmeter.services.FileServer fileserver.getFileServer().getBaseD . . . '' Encountered "fileserver" at line 1, column 46.

2021-01-09 16:09:08,645 WARN o.a.j.f.BeanShell: Error running BSH script
org.apache.jorphan.util.JMeterException: Error invoking bsh method: eval	In file: inline evaluation of: ``import org.apache.jmeter.services.FileServer fileserver.getFileServer().getBaseD . . . '' Encountered "fileserver" at line 1, column 46.

	at org.apache.jmeter.util.BeanShellInterpreter.bshInvoke(BeanShellInterpreter.java:180) ~[ApacheJMeter_core.jar:5.2.1]
	at org.apache.jmeter.util.BeanShellInterpreter.eval(BeanShellInterpreter.java:186) ~[ApacheJMeter_core.jar:5.2.1]
	at org.apache.jmeter.functions.BeanShell.execute(BeanShell.java:100) [ApacheJMeter_functions.jar:5.2.1]
	at org.apache.jmeter.engine.util.CompoundVariable.execute(CompoundVariable.java:136) [ApacheJMeter_core.jar:5.2.1]
	at org.apache.jmeter.engine.util.CompoundVariable.execute(CompoundVariable.java:111) [ApacheJMeter_core.jar:5.2.1]
	at org.apache.jmeter.testelement.property.FunctionProperty.getStringValue(FunctionProperty.java:92) [ApacheJMeter_core.jar:5.2.1]
	at org.apache.jmeter.testelement.AbstractTestElement.getPropertyAsString(AbstractTestElement.java:281) [ApacheJMeter_core.jar:5.2.1]
	at org.apache.jmeter.config.Argument.getValue(Argument.java:146) [ApacheJMeter_core.jar:5.2.1]
	at org.apache.jmeter.config.Arguments.getArgumentsAsMap(Arguments.java:94) [ApacheJMeter_core.jar:5.2.1]
	at org.apache.jmeter.engine.PreCompiler.createArgumentsMap(PreCompiler.java:114) [ApacheJMeter_core.jar:5.2.1]
	at org.apache.jmeter.engine.PreCompiler.addNode(PreCompiler.java:101) [ApacheJMeter_core.jar:5.2.1]
	at org.apache.jorphan.collections.HashTree.traverseInto(HashTree.java:994) [jorphan.jar:5.2.1]
	at org.apache.jorphan.collections.HashTree.traverse(HashTree.java:977) [jorphan.jar:5.2.1]
	at org.apache.jmeter.engine.StandardJMeterEngine.run(StandardJMeterEngine.java:362) [ApacheJMeter_core.jar:5.2.1]
	at java.lang.Thread.run(Thread.java:834) [?:?]
Caused by: java.lang.reflect.InvocationTargetException
	at jdk.internal.reflect.NativeMethodAccessorImpl.invoke0(Native Method) ~[?:?]
	at jdk.internal.reflect.NativeMethodAccessorImpl.invoke(NativeMethodAccessorImpl.java:62) ~[?:?]
	at jdk.internal.reflect.DelegatingMethodAccessorImpl.invoke(DelegatingMethodAccessorImpl.java:43) ~[?:?]
	at java.lang.reflect.Method.invoke(Method.java:566) ~[?:?]
	at org.apache.jmeter.util.BeanShellInterpreter.bshInvoke(BeanShellInterpreter.java:163) ~[ApacheJMeter_core.jar:5.2.1]
	... 14 more
Caused by: bsh.ParseException: In file: inline evaluation of: ``import org.apache.jmeter.services.FileServer fileserver.getFileServer().getBaseD . . . '' Encountered "fileserver" at line 1, column 46.

	at bsh.Parser.generateParseException(Parser.java:6106) ~[bsh-2.0b6.jar:2.0b6 2016-02-05 05:16:19]
	at bsh.Parser.jj_consume_token(Parser.java:5977) ~[bsh-2.0b6.jar:2.0b6 2016-02-05 05:16:19]
	at bsh.Parser.ImportDeclaration(Parser.java:480) ~[bsh-2.0b6.jar:2.0b6 2016-02-05 05:16:19]
	at bsh.Parser.BlockStatement(Parser.java:2823) ~[bsh-2.0b6.jar:2.0b6 2016-02-05 05:16:19]
	at bsh.Parser.Line(Parser.java:172) ~[bsh-2.0b6.jar:2.0b6 2016-02-05 05:16:19]
	at bsh.Interpreter.Line(Interpreter.java:1011) ~[bsh-2.0b6.jar:2.0b6 2016-02-05 05:16:19]
	at bsh.Interpreter.eval(Interpreter.java:641) ~[bsh-2.0b6.jar:2.0b6 2016-02-05 05:16:19]
	at bsh.Interpreter.eval(Interpreter.java:750) ~[bsh-2.0b6.jar:2.0b6 2016-02-05 05:16:19]
	at bsh.Interpreter.eval(Interpreter.java:739) ~[bsh-2.0b6.jar:2.0b6 2016-02-05 05:16:19]
	at jdk.internal.reflect.NativeMethodAccessorImpl.invoke0(Native Method) ~[?:?]
	at jdk.internal.reflect.NativeMethodAccessorImpl.invoke(NativeMethodAccessorImpl.java:62) ~[?:?]
	at jdk.internal.reflect.DelegatingMethodAccessorImpl.invoke(DelegatingMethodAccessorImpl.java:43) ~[?:?]
	at java.lang.reflect.Method.invoke(Method.java:566) ~[?:?]
	at org.apache.jmeter.util.BeanShellInterpreter.bshInvoke(BeanShellInterpreter.java:163) ~[ApacheJMeter_core.jar:5.2.1]
	... 14 more
2021-01-09 16:09:08,652 INFO o.a.j.g.u.JMeterMenuBar: setRunning(true, *local*)
2021-01-09 16:09:08,655 INFO o.a.j.e.StandardJMeterEngine: Starting setUp thread groups
2021-01-09 16:09:08,655 INFO o.a.j.e.StandardJMeterEngine: Starting setUp ThreadGroup: 1 : setUp Thread Group Students Login 
2021-01-09 16:09:08,655 INFO o.a.j.e.StandardJMeterEngine: Starting 1 threads for group setUp Thread Group Students Login.
2021-01-09 16:09:08,655 INFO o.a.j.e.StandardJMeterEngine: Thread will continue on error
2021-01-09 16:09:08,656 INFO o.a.j.t.ThreadGroup: Starting thread group... number=1 threads=1 ramp-up=1 delayedStart=false
2021-01-09 16:09:08,667 INFO o.a.j.t.ThreadGroup: Started thread group number 1
2021-01-09 16:09:08,668 INFO o.a.j.e.StandardJMeterEngine: Waiting for setup thread group: setUp Thread Group Students Login to finish before starting next setup group
2021-01-09 16:09:08,674 INFO o.a.j.t.JMeterThread: Thread started: setUp Thread Group Students Login 1-1
2021-01-09 16:09:08,710 INFO o.a.j.p.h.s.HTTPHCAbstractImpl: Local host = pedro-X550JK
2021-01-09 16:09:08,715 INFO o.a.j.p.h.s.HTTPHC4Impl: HTTP request retry count = 0
2021-01-09 16:09:09,116 INFO o.a.j.t.JMeterThread: Thread is done: setUp Thread Group Students Login 1-1
2021-01-09 16:09:09,116 INFO o.a.j.t.JMeterThread: Thread finished: setUp Thread Group Students Login 1-1
2021-01-09 16:09:09,117 INFO o.a.j.e.StandardJMeterEngine: Starting setUp ThreadGroup: 2 : setUp Thread Create Quiz 
2021-01-09 16:09:09,117 INFO o.a.j.e.StandardJMeterEngine: Starting 1 threads for group setUp Thread Create Quiz.
2021-01-09 16:09:09,117 INFO o.a.j.e.StandardJMeterEngine: Test will stop abruptly on error
2021-01-09 16:09:09,118 INFO o.a.j.t.ThreadGroup: Starting thread group... number=2 threads=1 ramp-up=1 delayedStart=false
2021-01-09 16:09:09,128 INFO o.a.j.t.ThreadGroup: Started thread group number 2
2021-01-09 16:09:09,128 INFO o.a.j.e.StandardJMeterEngine: Waiting for all setup thread groups to exit
2021-01-09 16:09:09,128 INFO o.a.j.t.JMeterThread: Thread started: setUp Thread Create Quiz 2-1
2021-01-09 16:09:10,194 INFO o.a.j.t.JMeterThread: Thread is done: setUp Thread Create Quiz 2-1
2021-01-09 16:09:10,194 INFO o.a.j.t.JMeterThread: Thread finished: setUp Thread Create Quiz 2-1
2021-01-09 16:09:10,195 INFO o.a.j.e.StandardJMeterEngine: All Setup Threads have ended
2021-01-09 16:09:10,270 INFO o.a.j.e.StandardJMeterEngine: Starting ThreadGroup: 1 : Thread Group Questions Answer
2021-01-09 16:09:10,270 INFO o.a.j.e.StandardJMeterEngine: Starting 1 threads for group Thread Group Questions Answer.
2021-01-09 16:09:10,270 INFO o.a.j.e.StandardJMeterEngine: Thread will continue on error
2021-01-09 16:09:10,270 INFO o.a.j.t.ThreadGroup: Starting thread group... number=1 threads=1 ramp-up=1 delayedStart=false
2021-01-09 16:09:10,279 INFO o.a.j.t.ThreadGroup: Started thread group number 1
2021-01-09 16:09:10,279 INFO o.a.j.e.StandardJMeterEngine: Waiting for thread group: Thread Group Questions Answer to finish before starting next group
2021-01-09 16:09:10,279 INFO o.a.j.t.JMeterThread: Thread started: Thread Group Questions Answer 1-1
2021-01-09 16:09:10,962 INFO o.a.j.t.JMeterThread: Thread is done: Thread Group Questions Answer 1-1
2021-01-09 16:09:10,962 INFO o.a.j.t.JMeterThread: Thread finished: Thread Group Questions Answer 1-1
2021-01-09 16:09:10,962 INFO o.a.j.e.StandardJMeterEngine: Starting ThreadGroup: 2 : Thread Process Results
2021-01-09 16:09:10,962 INFO o.a.j.e.StandardJMeterEngine: Starting 1 threads for group Thread Process Results.
2021-01-09 16:09:10,962 INFO o.a.j.e.StandardJMeterEngine: Thread will continue on error
2021-01-09 16:09:10,963 INFO o.a.j.t.ThreadGroup: Starting thread group... number=2 threads=1 ramp-up=1 delayedStart=false
2021-01-09 16:09:10,963 INFO o.a.j.t.ThreadGroup: Started thread group number 2
2021-01-09 16:09:10,963 INFO o.a.j.e.StandardJMeterEngine: All thread groups have been started
2021-01-09 16:09:10,963 INFO o.a.j.t.JMeterThread: Thread started: Thread Process Results 2-1
2021-01-09 16:09:11,138 INFO o.a.j.t.JMeterThread: Thread is done: Thread Process Results 2-1
2021-01-09 16:09:11,139 INFO o.a.j.t.JMeterThread: Thread finished: Thread Process Results 2-1
2021-01-09 16:09:11,139 INFO o.a.j.e.StandardJMeterEngine: Notifying test listeners of end of test
2021-01-09 16:09:11,139 INFO o.a.j.g.u.JMeterMenuBar: setRunning(false, *local*)
2021-01-09 16:09:43,844 INFO o.a.j.e.StandardJMeterEngine: Running the test!
2021-01-09 16:09:43,844 INFO o.a.j.s.SampleEvent: List of sample_variables: []
2021-01-09 16:09:43,848 ERROR o.a.j.u.BeanShellInterpreter: Error invoking bsh method: eval	In file: inline evaluation of: ``import org.apache.jmeter.services.FileServer fileserver.getFileServer().getBaseD . . . '' Encountered "fileserver" at line 1, column 46.

2021-01-09 16:09:43,848 WARN o.a.j.f.BeanShell: Error running BSH script
org.apache.jorphan.util.JMeterException: Error invoking bsh method: eval	In file: inline evaluation of: ``import org.apache.jmeter.services.FileServer fileserver.getFileServer().getBaseD . . . '' Encountered "fileserver" at line 1, column 46.

	at org.apache.jmeter.util.BeanShellInterpreter.bshInvoke(BeanShellInterpreter.java:180) ~[ApacheJMeter_core.jar:5.2.1]
	at org.apache.jmeter.util.BeanShellInterpreter.eval(BeanShellInterpreter.java:186) ~[ApacheJMeter_core.jar:5.2.1]
	at org.apache.jmeter.functions.BeanShell.execute(BeanShell.java:100) [ApacheJMeter_functions.jar:5.2.1]
	at org.apache.jmeter.engine.util.CompoundVariable.execute(CompoundVariable.java:136) [ApacheJMeter_core.jar:5.2.1]
	at org.apache.jmeter.engine.util.CompoundVariable.execute(CompoundVariable.java:111) [ApacheJMeter_core.jar:5.2.1]
	at org.apache.jmeter.testelement.property.FunctionProperty.getStringValue(FunctionProperty.java:92) [ApacheJMeter_core.jar:5.2.1]
	at org.apache.jmeter.testelement.AbstractTestElement.getPropertyAsString(AbstractTestElement.java:281) [ApacheJMeter_core.jar:5.2.1]
	at org.apache.jmeter.config.Argument.getValue(Argument.java:146) [ApacheJMeter_core.jar:5.2.1]
	at org.apache.jmeter.config.Arguments.getArgumentsAsMap(Arguments.java:94) [ApacheJMeter_core.jar:5.2.1]
	at org.apache.jmeter.engine.PreCompiler.createArgumentsMap(PreCompiler.java:114) [ApacheJMeter_core.jar:5.2.1]
	at org.apache.jmeter.engine.PreCompiler.addNode(PreCompiler.java:101) [ApacheJMeter_core.jar:5.2.1]
	at org.apache.jorphan.collections.HashTree.traverseInto(HashTree.java:994) [jorphan.jar:5.2.1]
	at org.apache.jorphan.collections.HashTree.traverse(HashTree.java:977) [jorphan.jar:5.2.1]
	at org.apache.jmeter.engine.StandardJMeterEngine.run(StandardJMeterEngine.java:362) [ApacheJMeter_core.jar:5.2.1]
	at java.lang.Thread.run(Thread.java:834) [?:?]
Caused by: java.lang.reflect.InvocationTargetException
	at jdk.internal.reflect.NativeMethodAccessorImpl.invoke0(Native Method) ~[?:?]
	at jdk.internal.reflect.NativeMethodAccessorImpl.invoke(NativeMethodAccessorImpl.java:62) ~[?:?]
	at jdk.internal.reflect.DelegatingMethodAccessorImpl.invoke(DelegatingMethodAccessorImpl.java:43) ~[?:?]
	at java.lang.reflect.Method.invoke(Method.java:566) ~[?:?]
	at org.apache.jmeter.util.BeanShellInterpreter.bshInvoke(BeanShellInterpreter.java:163) ~[ApacheJMeter_core.jar:5.2.1]
	... 14 more
Caused by: bsh.ParseException: In file: inline evaluation of: ``import org.apache.jmeter.services.FileServer fileserver.getFileServer().getBaseD . . . '' Encountered "fileserver" at line 1, column 46.

	at bsh.Parser.generateParseException(Parser.java:6106) ~[bsh-2.0b6.jar:2.0b6 2016-02-05 05:16:19]
	at bsh.Parser.jj_consume_token(Parser.java:5977) ~[bsh-2.0b6.jar:2.0b6 2016-02-05 05:16:19]
	at bsh.Parser.ImportDeclaration(Parser.java:480) ~[bsh-2.0b6.jar:2.0b6 2016-02-05 05:16:19]
	at bsh.Parser.BlockStatement(Parser.java:2823) ~[bsh-2.0b6.jar:2.0b6 2016-02-05 05:16:19]
	at bsh.Parser.Line(Parser.java:172) ~[bsh-2.0b6.jar:2.0b6 2016-02-05 05:16:19]
	at bsh.Interpreter.Line(Interpreter.java:1011) ~[bsh-2.0b6.jar:2.0b6 2016-02-05 05:16:19]
	at bsh.Interpreter.eval(Interpreter.java:641) ~[bsh-2.0b6.jar:2.0b6 2016-02-05 05:16:19]
	at bsh.Interpreter.eval(Interpreter.java:750) ~[bsh-2.0b6.jar:2.0b6 2016-02-05 05:16:19]
	at bsh.Interpreter.eval(Interpreter.java:739) ~[bsh-2.0b6.jar:2.0b6 2016-02-05 05:16:19]
	at jdk.internal.reflect.NativeMethodAccessorImpl.invoke0(Native Method) ~[?:?]
	at jdk.internal.reflect.NativeMethodAccessorImpl.invoke(NativeMethodAccessorImpl.java:62) ~[?:?]
	at jdk.internal.reflect.DelegatingMethodAccessorImpl.invoke(DelegatingMethodAccessorImpl.java:43) ~[?:?]
	at java.lang.reflect.Method.invoke(Method.java:566) ~[?:?]
	at org.apache.jmeter.util.BeanShellInterpreter.bshInvoke(BeanShellInterpreter.java:163) ~[ApacheJMeter_core.jar:5.2.1]
	... 14 more
2021-01-09 16:09:43,853 INFO o.a.j.g.u.JMeterMenuBar: setRunning(true, *local*)
2021-01-09 16:09:43,854 INFO o.a.j.e.StandardJMeterEngine: Starting setUp thread groups
2021-01-09 16:09:43,854 INFO o.a.j.e.StandardJMeterEngine: Starting setUp ThreadGroup: 1 : setUp Thread Group Students Login 
2021-01-09 16:09:43,855 INFO o.a.j.e.StandardJMeterEngine: Starting 1 threads for group setUp Thread Group Students Login.
2021-01-09 16:09:43,855 INFO o.a.j.e.StandardJMeterEngine: Thread will continue on error
2021-01-09 16:09:43,855 INFO o.a.j.t.ThreadGroup: Starting thread group... number=1 threads=1 ramp-up=1 delayedStart=false
2021-01-09 16:09:43,860 INFO o.a.j.t.ThreadGroup: Started thread group number 1
2021-01-09 16:09:43,860 INFO o.a.j.e.StandardJMeterEngine: Waiting for setup thread group: setUp Thread Group Students Login to finish before starting next setup group
2021-01-09 16:09:43,860 INFO o.a.j.t.JMeterThread: Thread started: setUp Thread Group Students Login 1-1
2021-01-09 16:09:43,913 INFO o.a.j.t.JMeterThread: Thread is done: setUp Thread Group Students Login 1-1
2021-01-09 16:09:43,913 INFO o.a.j.t.JMeterThread: Thread finished: setUp Thread Group Students Login 1-1
2021-01-09 16:09:43,914 INFO o.a.j.e.StandardJMeterEngine: Starting setUp ThreadGroup: 2 : setUp Thread Create Quiz 
2021-01-09 16:09:43,914 INFO o.a.j.e.StandardJMeterEngine: Starting 1 threads for group setUp Thread Create Quiz.
2021-01-09 16:09:43,914 INFO o.a.j.e.StandardJMeterEngine: Test will stop abruptly on error
2021-01-09 16:09:43,914 INFO o.a.j.t.ThreadGroup: Starting thread group... number=2 threads=1 ramp-up=1 delayedStart=false
2021-01-09 16:09:43,921 INFO o.a.j.t.ThreadGroup: Started thread group number 2
2021-01-09 16:09:43,921 INFO o.a.j.e.StandardJMeterEngine: Waiting for all setup thread groups to exit
2021-01-09 16:09:43,921 INFO o.a.j.t.JMeterThread: Thread started: setUp Thread Create Quiz 2-1
2021-01-09 16:09:44,611 INFO o.a.j.t.JMeterThread: Thread is done: setUp Thread Create Quiz 2-1
2021-01-09 16:09:44,611 INFO o.a.j.t.JMeterThread: Thread finished: setUp Thread Create Quiz 2-1
2021-01-09 16:09:44,612 INFO o.a.j.e.StandardJMeterEngine: All Setup Threads have ended
2021-01-09 16:09:44,659 INFO o.a.j.e.StandardJMeterEngine: Starting ThreadGroup: 1 : Thread Group Questions Answer
2021-01-09 16:09:44,659 INFO o.a.j.e.StandardJMeterEngine: Starting 1 threads for group Thread Group Questions Answer.
2021-01-09 16:09:44,659 INFO o.a.j.e.StandardJMeterEngine: Thread will continue on error
2021-01-09 16:09:44,660 INFO o.a.j.t.ThreadGroup: Starting thread group... number=1 threads=1 ramp-up=1 delayedStart=false
2021-01-09 16:09:44,667 INFO o.a.j.t.ThreadGroup: Started thread group number 1
2021-01-09 16:09:44,667 INFO o.a.j.e.StandardJMeterEngine: Waiting for thread group: Thread Group Questions Answer to finish before starting next group
2021-01-09 16:09:44,667 INFO o.a.j.t.JMeterThread: Thread started: Thread Group Questions Answer 1-1
2021-01-09 16:09:44,945 INFO o.a.j.t.JMeterThread: Thread is done: Thread Group Questions Answer 1-1
2021-01-09 16:09:44,945 INFO o.a.j.t.JMeterThread: Thread finished: Thread Group Questions Answer 1-1
2021-01-09 16:09:44,945 INFO o.a.j.e.StandardJMeterEngine: Starting ThreadGroup: 2 : Thread Process Results
2021-01-09 16:09:44,945 INFO o.a.j.e.StandardJMeterEngine: Starting 1 threads for group Thread Process Results.
2021-01-09 16:09:44,945 INFO o.a.j.e.StandardJMeterEngine: Thread will continue on error
2021-01-09 16:09:44,945 INFO o.a.j.t.ThreadGroup: Starting thread group... number=2 threads=1 ramp-up=1 delayedStart=false
2021-01-09 16:09:44,946 INFO o.a.j.t.ThreadGroup: Started thread group number 2
2021-01-09 16:09:44,946 INFO o.a.j.e.StandardJMeterEngine: All thread groups have been started
2021-01-09 16:09:44,946 INFO o.a.j.t.JMeterThread: Thread started: Thread Process Results 2-1
2021-01-09 16:09:45,067 INFO o.a.j.t.JMeterThread: Thread is done: Thread Process Results 2-1
2021-01-09 16:09:45,067 INFO o.a.j.t.JMeterThread: Thread finished: Thread Process Results 2-1
2021-01-09 16:09:45,068 INFO o.a.j.e.StandardJMeterEngine: Notifying test listeners of end of test
2021-01-09 16:09:45,068 INFO o.a.j.g.u.JMeterMenuBar: setRunning(false, *local*)
