2021-01-09 18:16:15,868 INFO o.a.j.u.JMeterUtils: Setting Locale to en_EN
2021-01-09 18:16:16,001 INFO o.a.j.JMeter: Loading user properties from: /opt/jmeter/bin/user.properties
2021-01-09 18:16:16,002 INFO o.a.j.JMeter: Loading system properties from: /opt/jmeter/bin/system.properties
2021-01-09 18:16:16,003 INFO o.a.j.JMeter: Copyright (c) 1998-2019 The Apache Software Foundation
2021-01-09 18:16:16,003 INFO o.a.j.JMeter: Version 5.2.1
2021-01-09 18:16:16,003 INFO o.a.j.JMeter: java.version=11.0.9.1
2021-01-09 18:16:16,003 INFO o.a.j.JMeter: java.vm.name=OpenJDK 64-Bit Server VM
2021-01-09 18:16:16,004 INFO o.a.j.JMeter: os.name=Linux
2021-01-09 18:16:16,004 INFO o.a.j.JMeter: os.arch=amd64
2021-01-09 18:16:16,004 INFO o.a.j.JMeter: os.version=4.15.0-130-generic
2021-01-09 18:16:16,004 INFO o.a.j.JMeter: file.encoding=UTF-8
2021-01-09 18:16:16,004 INFO o.a.j.JMeter: java.awt.headless=null
2021-01-09 18:16:16,004 INFO o.a.j.JMeter: Max memory     =1073741824
2021-01-09 18:16:16,004 INFO o.a.j.JMeter: Available Processors =8
2021-01-09 18:16:16,048 INFO o.a.j.JMeter: Default Locale=English (EN)
2021-01-09 18:16:16,049 INFO o.a.j.JMeter: JMeter  Locale=English (EN)
2021-01-09 18:16:16,049 INFO o.a.j.JMeter: JMeterHome=/opt/jmeter
2021-01-09 18:16:16,049 INFO o.a.j.JMeter: user.dir  =/home/pedro/OneDrive/1Mes/1Sem/ASof/softarch2020-05
2021-01-09 18:16:16,050 INFO o.a.j.JMeter: PWD       =/home/pedro/OneDrive/1Mes/1Sem/ASof/softarch2020-05
2021-01-09 18:16:16,050 INFO o.a.j.JMeter: IP: 127.0.1.1 Name: pedro-X550JK FullName: pedro-X550JK
2021-01-09 18:16:17,859 INFO o.a.j.g.a.LookAndFeelCommand: Installing Darcula LAF
2021-01-09 18:16:18,209 INFO o.a.j.g.a.LookAndFeelCommand: Using look and feel: com.bulenkov.darcula.DarculaLaf [Darcula]
2021-01-09 18:16:18,209 INFO o.a.j.JMeter: Setting LAF to: com.bulenkov.darcula.DarculaLaf
2021-01-09 18:16:18,433 INFO o.a.j.JMeter: Loaded icon properties from org/apache/jmeter/images/icon.properties
2021-01-09 18:16:20,324 WARN o.j.r.PluginManagerMenuCreator: Was unable to install pmgr cmdline tool
java.nio.file.AccessDeniedException: /opt/jmeter/bin/PluginsManagerCMD.bat
	at sun.nio.fs.UnixException.translateToIOException(UnixException.java:90) ~[?:?]
	at sun.nio.fs.UnixException.rethrowAsIOException(UnixException.java:111) ~[?:?]
	at sun.nio.fs.UnixException.rethrowAsIOException(UnixException.java:116) ~[?:?]
	at sun.nio.fs.UnixFileSystemProvider.newByteChannel(UnixFileSystemProvider.java:219) ~[?:?]
	at java.nio.file.spi.FileSystemProvider.newOutputStream(FileSystemProvider.java:478) ~[?:?]
	at java.nio.file.Files.newOutputStream(Files.java:219) ~[?:?]
	at java.nio.file.Files.copy(Files.java:3066) ~[?:?]
	at org.jmeterplugins.repository.PluginManagerCMDInstaller.writeOut(PluginManagerCMDInstaller.java:24) ~[jmeter-plugins-manager-1.6.jar:?]
	at org.jmeterplugins.repository.PluginManagerCMDInstaller.main(PluginManagerCMDInstaller.java:12) ~[jmeter-plugins-manager-1.6.jar:?]
	at org.jmeterplugins.repository.PluginManagerMenuCreator.getMenuItemsAtLocation(PluginManagerMenuCreator.java:16) [jmeter-plugins-manager-1.6.jar:?]
	at org.apache.jmeter.gui.util.JMeterMenuBar.addPluginsMenuItems(JMeterMenuBar.java:558) [ApacheJMeter_core.jar:5.2.1]
	at org.apache.jmeter.gui.util.JMeterMenuBar.makeOptionsMenu(JMeterMenuBar.java:325) [ApacheJMeter_core.jar:5.2.1]
	at org.apache.jmeter.gui.util.JMeterMenuBar.createMenuBar(JMeterMenuBar.java:198) [ApacheJMeter_core.jar:5.2.1]
	at org.apache.jmeter.gui.util.JMeterMenuBar.<init>(JMeterMenuBar.java:113) [ApacheJMeter_core.jar:5.2.1]
	at org.apache.jmeter.gui.MainFrame.init(MainFrame.java:513) [ApacheJMeter_core.jar:5.2.1]
	at org.apache.jmeter.gui.MainFrame.<init>(MainFrame.java:232) [ApacheJMeter_core.jar:5.2.1]
	at org.apache.jmeter.JMeter.startGui(JMeter.java:398) [ApacheJMeter_core.jar:5.2.1]
	at org.apache.jmeter.JMeter.start(JMeter.java:545) [ApacheJMeter_core.jar:5.2.1]
	at jdk.internal.reflect.NativeMethodAccessorImpl.invoke0(Native Method) ~[?:?]
	at jdk.internal.reflect.NativeMethodAccessorImpl.invoke(NativeMethodAccessorImpl.java:62) ~[?:?]
	at jdk.internal.reflect.DelegatingMethodAccessorImpl.invoke(DelegatingMethodAccessorImpl.java:43) ~[?:?]
	at java.lang.reflect.Method.invoke(Method.java:566) ~[?:?]
	at org.apache.jmeter.NewDriver.main(NewDriver.java:253) [ApacheJMeter.jar:5.2.1]
2021-01-09 18:16:20,507 INFO o.j.r.JARSourceHTTP: Found cached repo
2021-01-09 18:16:20,756 INFO o.j.r.PluginManager: Plugins Status: [jpgc-casutg=2.9, jpgc-plugins-manager=1.6, jpgc-tst=2.5, jmeter-core=5.2.1, jmeter-ftp=5.2.1, jmeter-http=5.2.1, jmeter-jdbc=5.2.1, jmeter-jms=5.2.1, jmeter-junit=5.2.1, jmeter-java=5.2.1, jmeter-ldap=5.2.1, jmeter-mail=5.2.1, jmeter-mongodb=5.2.1, jmeter-native=5.2.1, jmeter-tcp=5.2.1, jmeter-components=5.2.1]
2021-01-09 18:16:29,258 INFO o.a.j.p.h.s.HTTPSamplerBase: Parser for text/html is org.apache.jmeter.protocol.http.parser.LagartoBasedHtmlParser
2021-01-09 18:16:29,259 INFO o.a.j.p.h.s.HTTPSamplerBase: Parser for application/xhtml+xml is org.apache.jmeter.protocol.http.parser.LagartoBasedHtmlParser
2021-01-09 18:16:29,259 INFO o.a.j.p.h.s.HTTPSamplerBase: Parser for application/xml is org.apache.jmeter.protocol.http.parser.LagartoBasedHtmlParser
2021-01-09 18:16:29,259 INFO o.a.j.p.h.s.HTTPSamplerBase: Parser for text/xml is org.apache.jmeter.protocol.http.parser.LagartoBasedHtmlParser
2021-01-09 18:16:29,259 INFO o.a.j.p.h.s.HTTPSamplerBase: Parser for text/vnd.wap.wml is org.apache.jmeter.protocol.http.parser.RegexpHTMLParser
2021-01-09 18:16:29,259 INFO o.a.j.p.h.s.HTTPSamplerBase: Parser for text/css is org.apache.jmeter.protocol.http.parser.CssParser
2021-01-09 18:16:29,804 INFO o.a.j.e.KeyToolUtils: keytool found at 'keytool'
2021-01-09 18:16:29,805 INFO o.a.j.p.h.p.ProxyControl: HTTP(S) Test Script Recorder SSL Proxy will use keys that support embedded 3rd party resources in file /opt/jmeter/bin/proxyserver.jks
2021-01-09 18:16:29,946 INFO o.a.j.s.FileServer: Default base='/home/pedro/OneDrive/1Mes/1Sem/ASof/softarch2020-05'
2021-01-09 18:16:30,713 INFO o.a.j.s.SampleResult: Note: Sample TimeStamps are START times
2021-01-09 18:16:30,713 INFO o.a.j.s.SampleResult: sampleresult.default.encoding is set to ISO-8859-1
2021-01-09 18:16:30,713 INFO o.a.j.s.SampleResult: sampleresult.useNanoTime=true
2021-01-09 18:16:30,713 INFO o.a.j.s.SampleResult: sampleresult.nanoThreadSleep=5000
2021-01-09 18:16:30,747 INFO o.a.j.v.ViewResultsFullVisualizer: Add JavaFX to your Java installation if you want to use renderer: org.apache.jmeter.visualizers.RenderInBrowser
2021-01-09 18:16:31,338 INFO o.a.j.g.a.What: TestElement: class org.apache.jmeter.testelement.TestPlan, guiClassName: org.apache.jmeter.control.gui.TestPlanGui
2021-01-09 18:16:39,324 INFO o.a.j.g.a.Load: Loading file: /home/pedro/OneDrive/1Mes/1Sem/ASof/softarch2020-05/backend/jmeter/answer/in-class-quiz-answer-stress-security.jmx
2021-01-09 18:16:39,324 INFO o.a.j.s.FileServer: Set new base='/home/pedro/OneDrive/1Mes/1Sem/ASof/softarch2020-05/backend/jmeter/answer'
2021-01-09 18:16:39,570 INFO o.a.j.s.SaveService: Testplan (JMX) version: 2.2. Testlog (JTL) version: 2.2
2021-01-09 18:16:39,585 INFO o.a.j.s.SaveService: Using SaveService properties version 5.0
2021-01-09 18:16:39,587 INFO o.a.j.s.SaveService: Using SaveService properties file encoding UTF-8
2021-01-09 18:16:39,589 INFO o.a.j.s.SaveService: Loading file: /home/pedro/OneDrive/1Mes/1Sem/ASof/softarch2020-05/backend/jmeter/answer/in-class-quiz-answer-stress-security.jmx
2021-01-09 18:16:40,022 INFO o.a.j.v.ViewResultsFullVisualizer: Add JavaFX to your Java installation if you want to use renderer: org.apache.jmeter.visualizers.RenderInBrowser
2021-01-09 18:16:40,125 INFO o.a.j.v.ViewResultsFullVisualizer: Add JavaFX to your Java installation if you want to use renderer: org.apache.jmeter.visualizers.RenderInBrowser
2021-01-09 18:16:40,210 INFO o.a.j.v.ViewResultsFullVisualizer: Add JavaFX to your Java installation if you want to use renderer: org.apache.jmeter.visualizers.RenderInBrowser
2021-01-09 18:16:40,290 INFO o.a.j.v.ViewResultsFullVisualizer: Add JavaFX to your Java installation if you want to use renderer: org.apache.jmeter.visualizers.RenderInBrowser
2021-01-09 18:16:40,322 INFO o.a.j.s.FileServer: Set new base='/home/pedro/OneDrive/1Mes/1Sem/ASof/softarch2020-05/backend/jmeter/answer'
